# JRE version: OpenJDK Runtime Environment Temurin-21.0.10+7 (21.0.10+7) (build 21.0.10+7-LTS)
# Java VM: OpenJDK 64-Bit Server VM Temurin-21.0.10+7 (21.0.10+7-LTS, mixed mode, sharing, tiered, compressed oops, compressed class ptrs, parallel gc, windows-amd64)
GC Precious Log:
 CardTable entry size: 512
 CPUs: 12 total, 12 available
 Memory: 16059M
 Large Page Support: Disabled
 NUMA Support: Disabled
 Compressed Oops: Enabled (32-bit)
 Alignments: Space 512K, Generation 512K, Heap 2M
 Heap Min Capacity: 100M
 Heap Initial Capacity: 100M
 Heap Max Capacity: 2G
 Pre-touch: Disabled
 Parallel Workers: 10
Heap:
 PSYoungGen      total 22528K, used 18337K [0x00000000d5580000, 0x00000000d7500000, 0x0000000100000000)
  eden space 22016K, 81% used [0x00000000d5580000,0x00000000d66eeb78,0x00000000d6b00000)
  from space 512K, 95% used [0x00000000d7000000,0x00000000d7079c00,0x00000000d7080000)
  to   space 5120K, 0% used [0x00000000d6b00000,0x00000000d6b00000,0x00000000d7000000)
 ParOldGen       total 68608K, used 20263K [0x0000000080000000, 0x0000000084300000, 0x00000000d5580000)
  object space 68608K, 29% used [0x0000000080000000,0x00000000813c9f10,0x0000000084300000)
 Metaspace       used 38505K, committed 39424K, reserved 1114112K
  class space    used 3899K, committed 4352K, reserved 1048576K
GC Heap History (20 events):
Event: 1.358 GC heap before
{Heap before GC invocations=7 (full 1):
 PSYoungGen      total 29696K, used 4357K [0x00000000d5580000, 0x00000000d7780000, 0x0000000100000000)
  eden space 25088K, 0% used [0x00000000d5580000,0x00000000d5580000,0x00000000d6e00000)
  from space 4608K, 94% used [0x00000000d7300000,0x00000000d7741438,0x00000000d7780000)
  to   space 4608K, 0% used [0x00000000d6e80000,0x00000000d6e80000,0x00000000d7300000)
 ParOldGen       total 68608K, used 6839K [0x0000000080000000, 0x0000000084300000, 0x00000000d5580000)
  object space 68608K, 9% used [0x0000000080000000,0x00000000806adc08,0x0000000084300000)
 Metaspace       used 20864K, committed 21504K, reserved 1114112K
  class space    used 2051K, committed 2368K, reserved 1048576K
}
Event: 1.374 GC heap after
{Heap after GC invocations=7 (full 1):
 PSYoungGen      total 29696K, used 0K [0x00000000d5580000, 0x00000000d7780000, 0x0000000100000000)
  eden space 25088K, 0% used [0x00000000d5580000,0x00000000d5580000,0x00000000d6e00000)
  from space 4608K, 0% used [0x00000000d7300000,0x00000000d7300000,0x00000000d7780000)
  to   space 4608K, 0% used [0x00000000d6e80000,0x00000000d6e80000,0x00000000d7300000)
 ParOldGen       total 68608K, used 10741K [0x0000000080000000, 0x0000000084300000, 0x00000000d5580000)
  object space 68608K, 15% used [0x0000000080000000,0x0000000080a7d710,0x0000000084300000)
 Metaspace       used 20852K, committed 21504K, reserved 1114112K
  class space    used 2048K, committed 2368K, reserved 1048576K
}
Event: 1.465 GC heap before
{Heap before GC invocations=8 (full 1):
 PSYoungGen      total 29696K, used 25088K [0x00000000d5580000, 0x00000000d7780000, 0x0000000100000000)
  eden space 25088K, 100% used [0x00000000d5580000,0x00000000d6e00000,0x00000000d6e00000)
  from space 4608K, 0% used [0x00000000d7300000,0x00000000d7300000,0x00000000d7780000)
  to   space 4608K, 0% used [0x00000000d6e80000,0x00000000d6e80000,0x00000000d7300000)
 ParOldGen       total 68608K, used 10741K [0x0000000080000000, 0x0000000084300000, 0x00000000d5580000)
  object space 68608K, 15% used [0x0000000080000000,0x0000000080a7d710,0x0000000084300000)
 Metaspace       used 22464K, committed 23104K, reserved 1114112K
  class space    used 2152K, committed 2432K, reserved 1048576K
}
Event: 1.466 GC heap after
{Heap after GC invocations=8 (full 1):
 PSYoungGen      total 27136K, used 2377K [0x00000000d5580000, 0x00000000d7480000, 0x0000000100000000)
  eden space 24576K, 0% used [0x00000000d5580000,0x00000000d5580000,0x00000000d6d80000)
  from space 2560K, 92% used [0x00000000d6e80000,0x00000000d70d2708,0x00000000d7100000)
  to   space 3584K, 0% used [0x00000000d7100000,0x00000000d7100000,0x00000000d7480000)
 ParOldGen       total 68608K, used 10749K [0x0000000080000000, 0x0000000084300000, 0x00000000d5580000)
  object space 68608K, 15% used [0x0000000080000000,0x0000000080a7f710,0x0000000084300000)
 Metaspace       used 22464K, committed 23104K, reserved 1114112K
  class space    used 2152K, committed 2432K, reserved 1048576K
}
Event: 1.647 GC heap before
{Heap before GC invocations=9 (full 1):
 PSYoungGen      total 27136K, used 26953K [0x00000000d5580000, 0x00000000d7480000, 0x0000000100000000)
  eden space 24576K, 100% used [0x00000000d5580000,0x00000000d6d80000,0x00000000d6d80000)
  from space 2560K, 92% used [0x00000000d6e80000,0x00000000d70d2708,0x00000000d7100000)
  to   space 3584K, 0% used [0x00000000d7100000,0x00000000d7100000,0x00000000d7480000)
 ParOldGen       total 68608K, used 10749K [0x0000000080000000, 0x0000000084300000, 0x00000000d5580000)
  object space 68608K, 15% used [0x0000000080000000,0x0000000080a7f710,0x0000000084300000)
 Metaspace       used 26430K, committed 27264K, reserved 1114112K
  class space    used 2558K, committed 2944K, reserved 1048576K
}
Event: 1.648 GC heap after
{Heap after GC invocations=9 (full 1):
 PSYoungGen      total 27648K, used 3560K [0x00000000d5580000, 0x00000000d7500000, 0x0000000100000000)
  eden space 24064K, 0% used [0x00000000d5580000,0x00000000d5580000,0x00000000d6d00000)
  from space 3584K, 99% used [0x00000000d7100000,0x00000000d747a2d0,0x00000000d7480000)
  to   space 4096K, 0% used [0x00000000d6d00000,0x00000000d6d00000,0x00000000d7100000)
 ParOldGen       total 68608K, used 10757K [0x0000000080000000, 0x0000000084300000, 0x00000000d5580000)
  object space 68608K, 15% used [0x0000000080000000,0x0000000080a81710,0x0000000084300000)
 Metaspace       used 26430K, committed 27264K, reserved 1114112K
  class space    used 2558K, committed 2944K, reserved 1048576K
}
Event: 1.753 GC heap before
{Heap before GC invocations=10 (full 1):
 PSYoungGen      total 27648K, used 27624K [0x00000000d5580000, 0x00000000d7500000, 0x0000000100000000)
  eden space 24064K, 100% used [0x00000000d5580000,0x00000000d6d00000,0x00000000d6d00000)
  from space 3584K, 99% used [0x00000000d7100000,0x00000000d747a2d0,0x00000000d7480000)
  to   space 4096K, 0% used [0x00000000d6d00000,0x00000000d6d00000,0x00000000d7100000)
 ParOldGen       total 68608K, used 10757K [0x0000000080000000, 0x0000000084300000, 0x00000000d5580000)
  object space 68608K, 15% used [0x0000000080000000,0x0000000080a81710,0x0000000084300000)
 Metaspace       used 29914K, committed 30784K, reserved 1114112K
  class space    used 2974K, committed 3328K, reserved 1048576K
}
Event: 1.754 GC heap after
{Heap after GC invocations=10 (full 1):
 PSYoungGen      total 27648K, used 4091K [0x00000000d5580000, 0x00000000d7580000, 0x0000000100000000)
  eden space 23552K, 0% used [0x00000000d5580000,0x00000000d5580000,0x00000000d6c80000)
  from space 4096K, 99% used [0x00000000d6d00000,0x00000000d70fedc0,0x00000000d7100000)
  to   space 4608K, 0% used [0x00000000d7100000,0x00000000d7100000,0x00000000d7580000)
 ParOldGen       total 68608K, used 11547K [0x0000000080000000, 0x0000000084300000, 0x00000000d5580000)
  object space 68608K, 16% used [0x0000000080000000,0x0000000080b46c20,0x0000000084300000)
 Metaspace       used 29914K, committed 30784K, reserved 1114112K
  class space    used 2974K, committed 3328K, reserved 1048576K
}
Event: 1.934 GC heap before
{Heap before GC invocations=11 (full 1):
 PSYoungGen      total 27648K, used 27643K [0x00000000d5580000, 0x00000000d7580000, 0x0000000100000000)
  eden space 23552K, 100% used [0x00000000d5580000,0x00000000d6c80000,0x00000000d6c80000)
  from space 4096K, 99% used [0x00000000d6d00000,0x00000000d70fedc0,0x00000000d7100000)
  to   space 4608K, 0% used [0x00000000d7100000,0x00000000d7100000,0x00000000d7580000)
 ParOldGen       total 68608K, used 11547K [0x0000000080000000, 0x0000000084300000, 0x00000000d5580000)
  object space 68608K, 16% used [0x0000000080000000,0x0000000080b46c20,0x0000000084300000)
 Metaspace       used 32860K, committed 33728K, reserved 1114112K
  class space    used 3330K, committed 3648K, reserved 1048576K
}
Event: 1.936 GC heap after
{Heap after GC invocations=11 (full 1):
 PSYoungGen      total 25600K, used 2456K [0x00000000d5580000, 0x00000000d7380000, 0x0000000100000000)
  eden space 23040K, 0% used [0x00000000d5580000,0x00000000d5580000,0x00000000d6c00000)
  from space 2560K, 95% used [0x00000000d7100000,0x00000000d7366328,0x00000000d7380000)
  to   space 3072K, 0% used [0x00000000d6d80000,0x00000000d6d80000,0x00000000d7080000)
 ParOldGen       total 68608K, used 14144K [0x0000000080000000, 0x0000000084300000, 0x00000000d5580000)
  object space 68608K, 20% used [0x0000000080000000,0x0000000080dd01f8,0x0000000084300000)
 Metaspace       used 32860K, committed 33728K, reserved 1114112K
  class space    used 3330K, committed 3648K, reserved 1048576K
}
Event: 2.138 GC heap before
{Heap before GC invocations=12 (full 1):
 PSYoungGen      total 25600K, used 25442K [0x00000000d5580000, 0x00000000d7380000, 0x0000000100000000)
  eden space 23040K, 99% used [0x00000000d5580000,0x00000000d6bf26f8,0x00000000d6c00000)
  from space 2560K, 95% used [0x00000000d7100000,0x00000000d7366328,0x00000000d7380000)
  to   space 3072K, 0% used [0x00000000d6d80000,0x00000000d6d80000,0x00000000d7080000)
 ParOldGen       total 68608K, used 14144K [0x0000000080000000, 0x0000000084300000, 0x00000000d5580000)
  object space 68608K, 20% used [0x0000000080000000,0x0000000080dd01f8,0x0000000084300000)
 Metaspace       used 33871K, committed 34816K, reserved 1114112K
  class space    used 3457K, committed 3840K, reserved 1048576K
}
Event: 2.139 GC heap after
{Heap after GC invocations=12 (full 1):
 PSYoungGen      total 23040K, used 416K [0x00000000d5580000, 0x00000000d7180000, 0x0000000100000000)
  eden space 22528K, 0% used [0x00000000d5580000,0x00000000d5580000,0x00000000d6b80000)
  from space 512K, 81% used [0x00000000d6d80000,0x00000000d6de8000,0x00000000d6e00000)
  to   space 1536K, 0% used [0x00000000d7000000,0x00000000d7000000,0x00000000d7180000)
 ParOldGen       total 68608K, used 16489K [0x0000000080000000, 0x0000000084300000, 0x00000000d5580000)
  object space 68608K, 24% used [0x0000000080000000,0x000000008101a5f8,0x0000000084300000)
 Metaspace       used 33871K, committed 34816K, reserved 1114112K
  class space    used 3457K, committed 3840K, reserved 1048576K
}
Event: 2.270 GC heap before
{Heap before GC invocations=13 (full 1):
 PSYoungGen      total 23040K, used 13344K [0x00000000d5580000, 0x00000000d7180000, 0x0000000100000000)
  eden space 22528K, 57% used [0x00000000d5580000,0x00000000d62203d8,0x00000000d6b80000)
  from space 512K, 81% used [0x00000000d6d80000,0x00000000d6de8000,0x00000000d6e00000)
  to   space 1536K, 0% used [0x00000000d7000000,0x00000000d7000000,0x00000000d7180000)
 ParOldGen       total 68608K, used 16489K [0x0000000080000000, 0x0000000084300000, 0x00000000d5580000)
  object space 68608K, 24% used [0x0000000080000000,0x000000008101a5f8,0x0000000084300000)
 Metaspace       used 35004K, committed 35840K, reserved 1114112K
  class space    used 3572K, committed 3904K, reserved 1048576K
}
Event: 2.271 GC heap after
{Heap after GC invocations=13 (full 1):
 PSYoungGen      total 23552K, used 544K [0x00000000d5580000, 0x00000000d7100000, 0x0000000100000000)
  eden space 22528K, 0% used [0x00000000d5580000,0x00000000d5580000,0x00000000d6b80000)
  from space 1024K, 53% used [0x00000000d7000000,0x00000000d7088000,0x00000000d7100000)
  to   space 1024K, 0% used [0x00000000d6f00000,0x00000000d6f00000,0x00000000d7000000)
 ParOldGen       total 68608K, used 16745K [0x0000000080000000, 0x0000000084300000, 0x00000000d5580000)
  object space 68608K, 24% used [0x0000000080000000,0x000000008105a5f8,0x0000000084300000)
 Metaspace       used 35004K, committed 35840K, reserved 1114112K
  class space    used 3572K, committed 3904K, reserved 1048576K
}
Event: 2.271 GC heap before
{Heap before GC invocations=14 (full 2):
 PSYoungGen      total 23552K, used 544K [0x00000000d5580000, 0x00000000d7100000, 0x0000000100000000)
  eden space 22528K, 0% used [0x00000000d5580000,0x00000000d5580000,0x00000000d6b80000)
  from space 1024K, 53% used [0x00000000d7000000,0x00000000d7088000,0x00000000d7100000)
  to   space 1024K, 0% used [0x00000000d6f00000,0x00000000d6f00000,0x00000000d7000000)
 ParOldGen       total 68608K, used 16745K [0x0000000080000000, 0x0000000084300000, 0x00000000d5580000)
  object space 68608K, 24% used [0x0000000080000000,0x000000008105a5f8,0x0000000084300000)
 Metaspace       used 35004K, committed 35840K, reserved 1114112K
  class space    used 3572K, committed 3904K, reserved 1048576K
}
Event: 2.286 GC heap after
{Heap after GC invocations=14 (full 2):
 PSYoungGen      total 23552K, used 0K [0x00000000d5580000, 0x00000000d7100000, 0x0000000100000000)
  eden space 22528K, 0% used [0x00000000d5580000,0x00000000d5580000,0x00000000d6b80000)
  from space 1024K, 0% used [0x00000000d7000000,0x00000000d7000000,0x00000000d7100000)
  to   space 1024K, 0% used [0x00000000d6f00000,0x00000000d6f00000,0x00000000d7000000)
 ParOldGen       total 68608K, used 16627K [0x0000000080000000, 0x0000000084300000, 0x00000000d5580000)
  object space 68608K, 24% used [0x0000000080000000,0x000000008103cf40,0x0000000084300000)
 Metaspace       used 35004K, committed 35840K, reserved 1114112K
  class space    used 3572K, committed 3904K, reserved 1048576K
}
Event: 2.418 GC heap before
{Heap before GC invocations=15 (full 2):
 PSYoungGen      total 23552K, used 22528K [0x00000000d5580000, 0x00000000d7100000, 0x0000000100000000)
  eden space 22528K, 100% used [0x00000000d5580000,0x00000000d6b80000,0x00000000d6b80000)
  from space 1024K, 0% used [0x00000000d7000000,0x00000000d7000000,0x00000000d7100000)
  to   space 1024K, 0% used [0x00000000d6f00000,0x00000000d6f00000,0x00000000d7000000)
 ParOldGen       total 68608K, used 16627K [0x0000000080000000, 0x0000000084300000, 0x00000000d5580000)
  object space 68608K, 24% used [0x0000000080000000,0x000000008103cf40,0x0000000084300000)
 Metaspace       used 36815K, committed 37696K, reserved 1114112K
  class space    used 3718K, committed 4096K, reserved 1048576K
}
Event: 2.419 GC heap after
{Heap after GC invocations=15 (full 2):
 PSYoungGen      total 23040K, used 864K [0x00000000d5580000, 0x00000000d7080000, 0x0000000100000000)
  eden space 22016K, 0% used [0x00000000d5580000,0x00000000d5580000,0x00000000d6b00000)
  from space 1024K, 84% used [0x00000000d6f00000,0x00000000d6fd8020,0x00000000d7000000)
  to   space 512K, 0% used [0x00000000d7000000,0x00000000d7000000,0x00000000d7080000)
 ParOldGen       total 68608K, used 16635K [0x0000000080000000, 0x0000000084300000, 0x00000000d5580000)
  object space 68608K, 24% used [0x0000000080000000,0x000000008103ef40,0x0000000084300000)
 Metaspace       used 36815K, committed 37696K, reserved 1114112K
  class space    used 3718K, committed 4096K, reserved 1048576K
}
Event: 2.464 GC heap before
{Heap before GC invocations=16 (full 2):
 PSYoungGen      total 23040K, used 22879K [0x00000000d5580000, 0x00000000d7080000, 0x0000000100000000)
  eden space 22016K, 99% used [0x00000000d5580000,0x00000000d6affdf8,0x00000000d6b00000)
  from space 1024K, 84% used [0x00000000d6f00000,0x00000000d6fd8020,0x00000000d7000000)
  to   space 512K, 0% used [0x00000000d7000000,0x00000000d7000000,0x00000000d7080000)
 ParOldGen       total 68608K, used 16635K [0x0000000080000000, 0x0000000084300000, 0x00000000d5580000)
  object space 68608K, 24% used [0x0000000080000000,0x000000008103ef40,0x0000000084300000)
 Metaspace       used 37176K, committed 37952K, reserved 1114112K
  class space    used 3758K, committed 4096K, reserved 1048576K
}
Event: 2.465 GC heap after
{Heap after GC invocations=16 (full 2):
 PSYoungGen      total 22528K, used 487K [0x00000000d5580000, 0x00000000d7500000, 0x0000000100000000)
  eden space 22016K, 0% used [0x00000000d5580000,0x00000000d5580000,0x00000000d6b00000)
  from space 512K, 95% used [0x00000000d7000000,0x00000000d7079c00,0x00000000d7080000)
  to   space 5120K, 0% used [0x00000000d6b00000,0x00000000d6b00000,0x00000000d7000000)
 ParOldGen       total 68608K, used 20263K [0x0000000080000000, 0x0000000084300000, 0x00000000d5580000)
  object space 68608K, 29% used [0x0000000080000000,0x00000000813c9f10,0x0000000084300000)
 Metaspace       used 37176K, committed 37952K, reserved 1114112K
  class space    used 3758K, committed 4096K, reserved 1048576K
}

