# JRE version: OpenJDK Runtime Environment Temurin-21.0.10+7 (21.0.10+7) (build 21.0.10+7-LTS)
# Java VM: OpenJDK 64-Bit Server VM Temurin-21.0.10+7 (21.0.10+7-LTS, mixed mode, sharing, tiered, compressed oops, compressed class ptrs, parallel gc, windows-amd64)
GC Precious Log:
 CardTable entry size: 512
 CPUs: 12 total, 12 available
 Memory: 16059M
 Large Page Support: Disabled
 NUMA Support: Disabled
 Compressed Oops: Enabled (32-bit)
 Alignments: Space 512K, Generation 512K, Heap 2M
 Heap Min Capacity: 100M
 Heap Initial Capacity: 100M
 Heap Max Capacity: 2G
 Pre-touch: Disabled
 Parallel Workers: 10
Heap:
 PSYoungGen      total 17408K, used 15959K [0x00000000d5580000, 0x00000000d6900000, 0x0000000100000000)
  eden space 16384K, 92% used [0x00000000d5580000,0x00000000d6443390,0x00000000d6580000)
  from space 1024K, 82% used [0x00000000d6800000,0x00000000d68d2998,0x00000000d6900000)
  to   space 1536K, 0% used [0x00000000d6600000,0x00000000d6600000,0x00000000d6780000)
 ParOldGen       total 68608K, used 65586K [0x0000000080000000, 0x0000000084300000, 0x00000000d5580000)
  object space 68608K, 95% used [0x0000000080000000,0x000000008400c850,0x0000000084300000)
 Metaspace       used 44909K, committed 45952K, reserved 1114112K
  class space    used 4535K, committed 4992K, reserved 1048576K
GC Heap History (20 events):
Event: 332.760 GC heap before
{Heap before GC invocations=71 (full 2):
 PSYoungGen      total 19968K, used 19520K [0x00000000d5580000, 0x00000000d6c00000, 0x0000000100000000)
  eden space 18944K, 100% used [0x00000000d5580000,0x00000000d6800000,0x00000000d6800000)
  from space 1024K, 56% used [0x00000000d6b00000,0x00000000d6b90000,0x00000000d6c00000)
  to   space 1024K, 0% used [0x00000000d6a00000,0x00000000d6a00000,0x00000000d6b00000)
 ParOldGen       total 68608K, used 57426K [0x0000000080000000, 0x0000000084300000, 0x00000000d5580000)
  object space 68608K, 83% used [0x0000000080000000,0x0000000083814868,0x0000000084300000)
 Metaspace       used 42011K, committed 43008K, reserved 1114112K
  class space    used 4247K, committed 4672K, reserved 1048576K
}
Event: 332.761 GC heap after
{Heap after GC invocations=71 (full 2):
 PSYoungGen      total 19968K, used 640K [0x00000000d5580000, 0x00000000d6b80000, 0x0000000100000000)
  eden space 18944K, 0% used [0x00000000d5580000,0x00000000d5580000,0x00000000d6800000)
  from space 1024K, 62% used [0x00000000d6a00000,0x00000000d6aa0000,0x00000000d6b00000)
  to   space 512K, 0% used [0x00000000d6b00000,0x00000000d6b00000,0x00000000d6b80000)
 ParOldGen       total 68608K, used 57930K [0x0000000080000000, 0x0000000084300000, 0x00000000d5580000)
  object space 68608K, 84% used [0x0000000080000000,0x0000000083892898,0x0000000084300000)
 Metaspace       used 42011K, committed 43008K, reserved 1114112K
  class space    used 4247K, committed 4672K, reserved 1048576K
}
Event: 332.765 GC heap before
{Heap before GC invocations=72 (full 2):
 PSYoungGen      total 19968K, used 19584K [0x00000000d5580000, 0x00000000d6b80000, 0x0000000100000000)
  eden space 18944K, 100% used [0x00000000d5580000,0x00000000d6800000,0x00000000d6800000)
  from space 1024K, 62% used [0x00000000d6a00000,0x00000000d6aa0000,0x00000000d6b00000)
  to   space 512K, 0% used [0x00000000d6b00000,0x00000000d6b00000,0x00000000d6b80000)
 ParOldGen       total 68608K, used 57930K [0x0000000080000000, 0x0000000084300000, 0x00000000d5580000)
  object space 68608K, 84% used [0x0000000080000000,0x0000000083892898,0x0000000084300000)
 Metaspace       used 42011K, committed 43008K, reserved 1114112K
  class space    used 4247K, committed 4672K, reserved 1048576K
}
Event: 332.766 GC heap after
{Heap after GC invocations=72 (full 2):
 PSYoungGen      total 19456K, used 512K [0x00000000d5580000, 0x00000000d6b80000, 0x0000000100000000)
  eden space 18944K, 0% used [0x00000000d5580000,0x00000000d5580000,0x00000000d6800000)
  from space 512K, 100% used [0x00000000d6b00000,0x00000000d6b80000,0x00000000d6b80000)
  to   space 1536K, 0% used [0x00000000d6880000,0x00000000d6880000,0x00000000d6a00000)
 ParOldGen       total 68608K, used 58474K [0x0000000080000000, 0x0000000084300000, 0x00000000d5580000)
  object space 68608K, 85% used [0x0000000080000000,0x000000008391a8a8,0x0000000084300000)
 Metaspace       used 42011K, committed 43008K, reserved 1114112K
  class space    used 4247K, committed 4672K, reserved 1048576K
}
Event: 332.770 GC heap before
{Heap before GC invocations=73 (full 2):
 PSYoungGen      total 19456K, used 19456K [0x00000000d5580000, 0x00000000d6b80000, 0x0000000100000000)
  eden space 18944K, 100% used [0x00000000d5580000,0x00000000d6800000,0x00000000d6800000)
  from space 512K, 100% used [0x00000000d6b00000,0x00000000d6b80000,0x00000000d6b80000)
  to   space 1536K, 0% used [0x00000000d6880000,0x00000000d6880000,0x00000000d6a00000)
 ParOldGen       total 68608K, used 58474K [0x0000000080000000, 0x0000000084300000, 0x00000000d5580000)
  object space 68608K, 85% used [0x0000000080000000,0x000000008391a8a8,0x0000000084300000)
 Metaspace       used 42011K, committed 43008K, reserved 1114112K
  class space    used 4247K, committed 4672K, reserved 1048576K
}
Event: 332.771 GC heap after
{Heap after GC invocations=73 (full 2):
 PSYoungGen      total 20480K, used 640K [0x00000000d5580000, 0x00000000d6b80000, 0x0000000100000000)
  eden space 18944K, 0% used [0x00000000d5580000,0x00000000d5580000,0x00000000d6800000)
  from space 1536K, 41% used [0x00000000d6880000,0x00000000d6920000,0x00000000d6a00000)
  to   space 1024K, 0% used [0x00000000d6a80000,0x00000000d6a80000,0x00000000d6b80000)
 ParOldGen       total 68608K, used 58914K [0x0000000080000000, 0x0000000084300000, 0x00000000d5580000)
  object space 68608K, 85% used [0x0000000080000000,0x00000000839888a8,0x0000000084300000)
 Metaspace       used 42011K, committed 43008K, reserved 1114112K
  class space    used 4247K, committed 4672K, reserved 1048576K
}
Event: 332.775 GC heap before
{Heap before GC invocations=74 (full 2):
 PSYoungGen      total 20480K, used 19584K [0x00000000d5580000, 0x00000000d6b80000, 0x0000000100000000)
  eden space 18944K, 100% used [0x00000000d5580000,0x00000000d6800000,0x00000000d6800000)
  from space 1536K, 41% used [0x00000000d6880000,0x00000000d6920000,0x00000000d6a00000)
  to   space 1024K, 0% used [0x00000000d6a80000,0x00000000d6a80000,0x00000000d6b80000)
 ParOldGen       total 68608K, used 58914K [0x0000000080000000, 0x0000000084300000, 0x00000000d5580000)
  object space 68608K, 85% used [0x0000000080000000,0x00000000839888a8,0x0000000084300000)
 Metaspace       used 42011K, committed 43008K, reserved 1114112K
  class space    used 4247K, committed 4672K, reserved 1048576K
}
Event: 332.776 GC heap after
{Heap after GC invocations=74 (full 2):
 PSYoungGen      total 19968K, used 743K [0x00000000d5580000, 0x00000000d6b80000, 0x0000000100000000)
  eden space 18944K, 0% used [0x00000000d5580000,0x00000000d5580000,0x00000000d6800000)
  from space 1024K, 72% used [0x00000000d6a80000,0x00000000d6b39c00,0x00000000d6b80000)
  to   space 1024K, 0% used [0x00000000d6980000,0x00000000d6980000,0x00000000d6a80000)
 ParOldGen       total 68608K, used 59394K [0x0000000080000000, 0x0000000084300000, 0x00000000d5580000)
  object space 68608K, 86% used [0x0000000080000000,0x0000000083a008a8,0x0000000084300000)
 Metaspace       used 42011K, committed 43008K, reserved 1114112K
  class space    used 4247K, committed 4672K, reserved 1048576K
}
Event: 332.780 GC heap before
{Heap before GC invocations=75 (full 2):
 PSYoungGen      total 19968K, used 19687K [0x00000000d5580000, 0x00000000d6b80000, 0x0000000100000000)
  eden space 18944K, 100% used [0x00000000d5580000,0x00000000d6800000,0x00000000d6800000)
  from space 1024K, 72% used [0x00000000d6a80000,0x00000000d6b39c00,0x00000000d6b80000)
  to   space 1024K, 0% used [0x00000000d6980000,0x00000000d6980000,0x00000000d6a80000)
 ParOldGen       total 68608K, used 59394K [0x0000000080000000, 0x0000000084300000, 0x00000000d5580000)
  object space 68608K, 86% used [0x0000000080000000,0x0000000083a008a8,0x0000000084300000)
 Metaspace       used 42011K, committed 43008K, reserved 1114112K
  class space    used 4247K, committed 4672K, reserved 1048576K
}
Event: 332.781 GC heap after
{Heap after GC invocations=75 (full 2):
 PSYoungGen      total 19968K, used 680K [0x00000000d5580000, 0x00000000d6b00000, 0x0000000100000000)
  eden space 18944K, 0% used [0x00000000d5580000,0x00000000d5580000,0x00000000d6800000)
  from space 1024K, 66% used [0x00000000d6980000,0x00000000d6a2a010,0x00000000d6a80000)
  to   space 512K, 0% used [0x00000000d6a80000,0x00000000d6a80000,0x00000000d6b00000)
 ParOldGen       total 68608K, used 59905K [0x0000000080000000, 0x0000000084300000, 0x00000000d5580000)
  object space 68608K, 87% used [0x0000000080000000,0x0000000083a804a8,0x0000000084300000)
 Metaspace       used 42011K, committed 43008K, reserved 1114112K
  class space    used 4247K, committed 4672K, reserved 1048576K
}
Event: 332.786 GC heap before
{Heap before GC invocations=76 (full 2):
 PSYoungGen      total 19968K, used 19624K [0x00000000d5580000, 0x00000000d6b00000, 0x0000000100000000)
  eden space 18944K, 100% used [0x00000000d5580000,0x00000000d6800000,0x00000000d6800000)
  from space 1024K, 66% used [0x00000000d6980000,0x00000000d6a2a010,0x00000000d6a80000)
  to   space 512K, 0% used [0x00000000d6a80000,0x00000000d6a80000,0x00000000d6b00000)
 ParOldGen       total 68608K, used 59905K [0x0000000080000000, 0x0000000084300000, 0x00000000d5580000)
  object space 68608K, 87% used [0x0000000080000000,0x0000000083a804a8,0x0000000084300000)
 Metaspace       used 42012K, committed 43008K, reserved 1114112K
  class space    used 4247K, committed 4672K, reserved 1048576K
}
Event: 332.787 GC heap after
{Heap after GC invocations=76 (full 2):
 PSYoungGen      total 19456K, used 512K [0x00000000d5580000, 0x00000000d6c00000, 0x0000000100000000)
  eden space 18944K, 0% used [0x00000000d5580000,0x00000000d5580000,0x00000000d6800000)
  from space 512K, 100% used [0x00000000d6a80000,0x00000000d6b00000,0x00000000d6b00000)
  to   space 2048K, 0% used [0x00000000d6800000,0x00000000d6800000,0x00000000d6a00000)
 ParOldGen       total 68608K, used 60885K [0x0000000080000000, 0x0000000084300000, 0x00000000d5580000)
  object space 68608K, 88% used [0x0000000080000000,0x0000000083b75610,0x0000000084300000)
 Metaspace       used 42012K, committed 43008K, reserved 1114112K
  class space    used 4247K, committed 4672K, reserved 1048576K
}
Event: 332.836 GC heap before
{Heap before GC invocations=77 (full 2):
 PSYoungGen      total 19456K, used 19456K [0x00000000d5580000, 0x00000000d6c00000, 0x0000000100000000)
  eden space 18944K, 100% used [0x00000000d5580000,0x00000000d6800000,0x00000000d6800000)
  from space 512K, 100% used [0x00000000d6a80000,0x00000000d6b00000,0x00000000d6b00000)
  to   space 2048K, 0% used [0x00000000d6800000,0x00000000d6800000,0x00000000d6a00000)
 ParOldGen       total 68608K, used 60885K [0x0000000080000000, 0x0000000084300000, 0x00000000d5580000)
  object space 68608K, 88% used [0x0000000080000000,0x0000000083b75610,0x0000000084300000)
 Metaspace       used 42406K, committed 43392K, reserved 1114112K
  class space    used 4311K, committed 4736K, reserved 1048576K
}
Event: 332.838 GC heap after
{Heap after GC invocations=77 (full 2):
 PSYoungGen      total 20480K, used 1440K [0x00000000d5580000, 0x00000000d6b00000, 0x0000000100000000)
  eden space 18944K, 0% used [0x00000000d5580000,0x00000000d5580000,0x00000000d6800000)
  from space 1536K, 93% used [0x00000000d6800000,0x00000000d6968000,0x00000000d6980000)
  to   space 1536K, 0% used [0x00000000d6980000,0x00000000d6980000,0x00000000d6b00000)
 ParOldGen       total 68608K, used 61341K [0x0000000080000000, 0x0000000084300000, 0x00000000d5580000)
  object space 68608K, 89% used [0x0000000080000000,0x0000000083be7610,0x0000000084300000)
 Metaspace       used 42406K, committed 43392K, reserved 1114112K
  class space    used 4311K, committed 4736K, reserved 1048576K
}
Event: 332.876 GC heap before
{Heap before GC invocations=78 (full 2):
 PSYoungGen      total 20480K, used 20355K [0x00000000d5580000, 0x00000000d6b00000, 0x0000000100000000)
  eden space 18944K, 99% used [0x00000000d5580000,0x00000000d67f8de0,0x00000000d6800000)
  from space 1536K, 93% used [0x00000000d6800000,0x00000000d6968000,0x00000000d6980000)
  to   space 1536K, 0% used [0x00000000d6980000,0x00000000d6980000,0x00000000d6b00000)
 ParOldGen       total 68608K, used 61341K [0x0000000080000000, 0x0000000084300000, 0x00000000d5580000)
  object space 68608K, 89% used [0x0000000080000000,0x0000000083be7610,0x0000000084300000)
 Metaspace       used 42675K, committed 43648K, reserved 1114112K
  class space    used 4335K, committed 4736K, reserved 1048576K
}
Event: 332.877 GC heap after
{Heap after GC invocations=78 (full 2):
 PSYoungGen      total 17920K, used 1528K [0x00000000d5580000, 0x00000000d7000000, 0x0000000100000000)
  eden space 16384K, 0% used [0x00000000d5580000,0x00000000d5580000,0x00000000d6580000)
  from space 1536K, 99% used [0x00000000d6980000,0x00000000d6afe378,0x00000000d6b00000)
  to   space 4096K, 0% used [0x00000000d6580000,0x00000000d6580000,0x00000000d6980000)
 ParOldGen       total 68608K, used 63276K [0x0000000080000000, 0x0000000084300000, 0x00000000d5580000)
  object space 68608K, 92% used [0x0000000080000000,0x0000000083dcb370,0x0000000084300000)
 Metaspace       used 42675K, committed 43648K, reserved 1114112K
  class space    used 4335K, committed 4736K, reserved 1048576K
}
Event: 332.904 GC heap before
{Heap before GC invocations=79 (full 2):
 PSYoungGen      total 17920K, used 17912K [0x00000000d5580000, 0x00000000d7000000, 0x0000000100000000)
  eden space 16384K, 100% used [0x00000000d5580000,0x00000000d6580000,0x00000000d6580000)
  from space 1536K, 99% used [0x00000000d6980000,0x00000000d6afe378,0x00000000d6b00000)
  to   space 4096K, 0% used [0x00000000d6580000,0x00000000d6580000,0x00000000d6980000)
 ParOldGen       total 68608K, used 63276K [0x0000000080000000, 0x0000000084300000, 0x00000000d5580000)
  object space 68608K, 92% used [0x0000000080000000,0x0000000083dcb370,0x0000000084300000)
 Metaspace       used 42895K, committed 43840K, reserved 1114112K
  class space    used 4350K, committed 4736K, reserved 1048576K
}
Event: 332.906 GC heap after
{Heap after GC invocations=79 (full 2):
 PSYoungGen      total 18432K, used 1595K [0x00000000d5580000, 0x00000000d6a80000, 0x0000000100000000)
  eden space 16384K, 0% used [0x00000000d5580000,0x00000000d5580000,0x00000000d6580000)
  from space 2048K, 77% used [0x00000000d6580000,0x00000000d670ed08,0x00000000d6780000)
  to   space 2560K, 0% used [0x00000000d6800000,0x00000000d6800000,0x00000000d6a80000)
 ParOldGen       total 68608K, used 65143K [0x0000000080000000, 0x0000000084300000, 0x00000000d5580000)
  object space 68608K, 94% used [0x0000000080000000,0x0000000083f9df00,0x0000000084300000)
 Metaspace       used 42895K, committed 43840K, reserved 1114112K
  class space    used 4350K, committed 4736K, reserved 1048576K
}
Event: 332.932 GC heap before
{Heap before GC invocations=80 (full 2):
 PSYoungGen      total 18432K, used 17979K [0x00000000d5580000, 0x00000000d6a80000, 0x0000000100000000)
  eden space 16384K, 100% used [0x00000000d5580000,0x00000000d6580000,0x00000000d6580000)
  from space 2048K, 77% used [0x00000000d6580000,0x00000000d670ed08,0x00000000d6780000)
  to   space 2560K, 0% used [0x00000000d6800000,0x00000000d6800000,0x00000000d6a80000)
 ParOldGen       total 68608K, used 65143K [0x0000000080000000, 0x0000000084300000, 0x00000000d5580000)
  object space 68608K, 94% used [0x0000000080000000,0x0000000083f9df00,0x0000000084300000)
 Metaspace       used 42956K, committed 43904K, reserved 1114112K
  class space    used 4353K, committed 4736K, reserved 1048576K
}
Event: 332.933 GC heap after
{Heap after GC invocations=80 (full 2):
 PSYoungGen      total 17408K, used 842K [0x00000000d5580000, 0x00000000d6900000, 0x0000000100000000)
  eden space 16384K, 0% used [0x00000000d5580000,0x00000000d5580000,0x00000000d6580000)
  from space 1024K, 82% used [0x00000000d6800000,0x00000000d68d2998,0x00000000d6900000)
  to   space 1536K, 0% used [0x00000000d6600000,0x00000000d6600000,0x00000000d6780000)
 ParOldGen       total 68608K, used 65586K [0x0000000080000000, 0x0000000084300000, 0x00000000d5580000)
  object space 68608K, 95% used [0x0000000080000000,0x000000008400c850,0x0000000084300000)
 Metaspace       used 42956K, committed 43904K, reserved 1114112K
  class space    used 4353K, committed 4736K, reserved 1048576K
}

